<?xml version="1.0" encoding="UTF-8"?>
<!-- Generated by org.testng.reporters.JUnitReportReporter -->
<testsuite hostname="DESKTOP-FG7QQRU" failures="0" tests="1" name="SauceLab.tests.TestScript" time="11.423" errors="0" timestamp="2024-10-28T16:26:24 IST" skipped="0">
  <testcase classname="SauceLab.tests.TestScript" name="sauceLabTest" time="11.423"/>
</testsuite> <!-- SauceLab.tests.TestScript -->
